<?xml version="1.0" encoding="UTF-8"?>
<testng-results ignored="0" total="1" passed="1" failed="0" skipped="0">
  <reporter-output>
  </reporter-output>
  <suite started-at="2025-01-05T14:30:17 CET" name="Default suite" finished-at="2025-01-05T14:30:30 CET" duration-ms="12739">
    <groups>
      <group name="cucumber">
        <method signature="AbstractTestNGCucumberTests.runScenario(io.cucumber.testng.PickleWrapper,io.cucumber.testng.FeatureWrapper)[pri:0, instance:RunDressTest@7748410a]" name="runScenario" class="io.cucumber.testng.AbstractTestNGCucumberTests"/>
      </group> <!-- cucumber -->
    </groups>
    <test started-at="2025-01-05T14:30:17 CET" name="Default test" finished-at="2025-01-05T14:30:30 CET" duration-ms="12739">
      <class name="RunDressTest">
        <test-method is-config="true" signature="setUpClass(org.testng.ITestContext)[pri:0, instance:RunDressTest@7748410a]" started-at="2025-01-05T14:30:17 CET" name="setUpClass" finished-at="2025-01-05T14:30:18 CET" duration-ms="240" status="PASS">
          <params>
            <param index="0">
              <value>
                <![CDATA[org.testng.TestRunner@705202d1]]>
              </value>
            </param>
          </params>
          <reporter-output>
          </reporter-output>
        </test-method> <!-- setUpClass -->
        <test-method signature="runScenario(io.cucumber.testng.PickleWrapper,io.cucumber.testng.FeatureWrapper)[pri:0, instance:RunDressTest@7748410a]" started-at="2025-01-05T14:30:18 CET" name="runScenario" description="Runs Cucumber Scenarios" data-provider="scenarios" finished-at="2025-01-05T14:30:30 CET" duration-ms="12438" status="PASS">
          <params>
            <param index="0">
              <value>
                <![CDATA["Show Women Dress"]]>
              </value>
            </param>
            <param index="1">
              <value>
                <![CDATA["WomenDress"]]>
              </value>
            </param>
          </params>
          <reporter-output>
          </reporter-output>
        </test-method> <!-- runScenario -->
        <test-method is-config="true" signature="tearDownClass()[pri:0, instance:RunDressTest@7748410a]" started-at="2025-01-05T14:30:30 CET" name="tearDownClass" finished-at="2025-01-05T14:30:30 CET" duration-ms="3" status="PASS">
          <reporter-output>
          </reporter-output>
        </test-method> <!-- tearDownClass -->
      </class> <!-- RunDressTest -->
    </test> <!-- Default test -->
  </suite> <!-- Default suite -->
</testng-results>
